CRITICAL - 2025-02-04 19:58:11 --> ErrorException: include_once(front/header.php): Failed to open stream: No such file or directory
[Method: GET, Route: /]
in APPPATH\Views\front\index.php on line 1.
 1 APPPATH\Views\front\index.php(1): CodeIgniter\Debug\Exceptions->errorHandler(2, 'include_once(front/header.php): Failed to open stream: No such file or directory', 'D:\\xampp\\htdocs\\ritadesigns\\app\\Views\\front\\index.php', 1)
 2 APPPATH\Views\front\index.php(1): include_once()
 3 SYSTEMPATH\View\View.php(234): include('D:\\xampp\\htdocs\\ritadesigns\\app\\Views\\front\\index.php')
 4 SYSTEMPATH\View\View.php(237): CodeIgniter\View\View->CodeIgniter\View\{closure}()
 5 SYSTEMPATH\Common.php(1171): CodeIgniter\View\View->render('front/index', [], true)
 6 APPPATH\Controllers\FrontController.php(9): view('front/index')
 7 SYSTEMPATH\CodeIgniter.php(933): App\Controllers\FrontController->index()
 8 SYSTEMPATH\CodeIgniter.php(509): CodeIgniter\CodeIgniter->runController(Object(App\Controllers\FrontController))
 9 SYSTEMPATH\CodeIgniter.php(355): CodeIgniter\CodeIgniter->handleRequest(null, Object(Config\Cache), false)
10 SYSTEMPATH\Boot.php(334): CodeIgniter\CodeIgniter->run()
11 SYSTEMPATH\Boot.php(67): CodeIgniter\Boot::runCodeIgniter(Object(CodeIgniter\CodeIgniter))
12 FCPATH\index.php(56): CodeIgniter\Boot::bootWeb(Object(Config\Paths))
CRITICAL - 2025-02-04 19:58:30 --> ErrorException: include_once(front/header.php): Failed to open stream: No such file or directory
[Method: GET, Route: /]
in APPPATH\Views\front\index.php on line 1.
 1 APPPATH\Views\front\index.php(1): CodeIgniter\Debug\Exceptions->errorHandler(2, 'include_once(front/header.php): Failed to open stream: No such file or directory', 'D:\\xampp\\htdocs\\ritadesigns\\app\\Views\\front\\index.php', 1)
 2 APPPATH\Views\front\index.php(1): include_once()
 3 SYSTEMPATH\View\View.php(234): include('D:\\xampp\\htdocs\\ritadesigns\\app\\Views\\front\\index.php')
 4 SYSTEMPATH\View\View.php(237): CodeIgniter\View\View->CodeIgniter\View\{closure}()
 5 SYSTEMPATH\Common.php(1171): CodeIgniter\View\View->render('front/index', [], true)
 6 APPPATH\Controllers\FrontController.php(9): view('front/index')
 7 SYSTEMPATH\CodeIgniter.php(933): App\Controllers\FrontController->index()
 8 SYSTEMPATH\CodeIgniter.php(509): CodeIgniter\CodeIgniter->runController(Object(App\Controllers\FrontController))
 9 SYSTEMPATH\CodeIgniter.php(355): CodeIgniter\CodeIgniter->handleRequest(null, Object(Config\Cache), false)
10 SYSTEMPATH\Boot.php(334): CodeIgniter\CodeIgniter->run()
11 SYSTEMPATH\Boot.php(67): CodeIgniter\Boot::runCodeIgniter(Object(CodeIgniter\CodeIgniter))
12 FCPATH\index.php(56): CodeIgniter\Boot::bootWeb(Object(Config\Paths))
CRITICAL - 2025-02-04 19:58:31 --> ErrorException: include_once(front/header.php): Failed to open stream: No such file or directory
[Method: GET, Route: /]
in APPPATH\Views\front\index.php on line 1.
 1 APPPATH\Views\front\index.php(1): CodeIgniter\Debug\Exceptions->errorHandler(2, 'include_once(front/header.php): Failed to open stream: No such file or directory', 'D:\\xampp\\htdocs\\ritadesigns\\app\\Views\\front\\index.php', 1)
 2 APPPATH\Views\front\index.php(1): include_once()
 3 SYSTEMPATH\View\View.php(234): include('D:\\xampp\\htdocs\\ritadesigns\\app\\Views\\front\\index.php')
 4 SYSTEMPATH\View\View.php(237): CodeIgniter\View\View->CodeIgniter\View\{closure}()
 5 SYSTEMPATH\Common.php(1171): CodeIgniter\View\View->render('front/index', [], true)
 6 APPPATH\Controllers\FrontController.php(9): view('front/index')
 7 SYSTEMPATH\CodeIgniter.php(933): App\Controllers\FrontController->index()
 8 SYSTEMPATH\CodeIgniter.php(509): CodeIgniter\CodeIgniter->runController(Object(App\Controllers\FrontController))
 9 SYSTEMPATH\CodeIgniter.php(355): CodeIgniter\CodeIgniter->handleRequest(null, Object(Config\Cache), false)
10 SYSTEMPATH\Boot.php(334): CodeIgniter\CodeIgniter->run()
11 SYSTEMPATH\Boot.php(67): CodeIgniter\Boot::runCodeIgniter(Object(CodeIgniter\CodeIgniter))
12 FCPATH\index.php(56): CodeIgniter\Boot::bootWeb(Object(Config\Paths))
CRITICAL - 2025-02-04 19:59:40 --> ErrorException: include_once(front/header.php): Failed to open stream: No such file or directory
[Method: GET, Route: /]
in APPPATH\Views\front\index.php on line 1.
 1 APPPATH\Views\front\index.php(1): CodeIgniter\Debug\Exceptions->errorHandler(2, 'include_once(front/header.php): Failed to open stream: No such file or directory', 'D:\\xampp\\htdocs\\ritadesigns\\app\\Views\\front\\index.php', 1)
 2 APPPATH\Views\front\index.php(1): include_once()
 3 SYSTEMPATH\View\View.php(234): include('D:\\xampp\\htdocs\\ritadesigns\\app\\Views\\front\\index.php')
 4 SYSTEMPATH\View\View.php(237): CodeIgniter\View\View->CodeIgniter\View\{closure}()
 5 SYSTEMPATH\Common.php(1171): CodeIgniter\View\View->render('front/index', [], true)
 6 APPPATH\Controllers\FrontController.php(9): view('front/index')
 7 SYSTEMPATH\CodeIgniter.php(933): App\Controllers\FrontController->index()
 8 SYSTEMPATH\CodeIgniter.php(509): CodeIgniter\CodeIgniter->runController(Object(App\Controllers\FrontController))
 9 SYSTEMPATH\CodeIgniter.php(355): CodeIgniter\CodeIgniter->handleRequest(null, Object(Config\Cache), false)
10 SYSTEMPATH\Boot.php(334): CodeIgniter\CodeIgniter->run()
11 SYSTEMPATH\Boot.php(67): CodeIgniter\Boot::runCodeIgniter(Object(CodeIgniter\CodeIgniter))
12 FCPATH\index.php(56): CodeIgniter\Boot::bootWeb(Object(Config\Paths))
CRITICAL - 2025-02-04 20:00:09 --> ErrorException: include_once(front/header.php): Failed to open stream: No such file or directory
[Method: GET, Route: /]
in APPPATH\Views\front\index.php on line 1.
 1 APPPATH\Views\front\index.php(1): CodeIgniter\Debug\Exceptions->errorHandler(2, 'include_once(front/header.php): Failed to open stream: No such file or directory', 'D:\\xampp\\htdocs\\ritadesigns\\app\\Views\\front\\index.php', 1)
 2 APPPATH\Views\front\index.php(1): include_once()
 3 SYSTEMPATH\View\View.php(234): include('D:\\xampp\\htdocs\\ritadesigns\\app\\Views\\front\\index.php')
 4 SYSTEMPATH\View\View.php(237): CodeIgniter\View\View->CodeIgniter\View\{closure}()
 5 SYSTEMPATH\Common.php(1171): CodeIgniter\View\View->render('front/index', [], true)
 6 APPPATH\Controllers\FrontController.php(9): view('front/index')
 7 SYSTEMPATH\CodeIgniter.php(933): App\Controllers\FrontController->index()
 8 SYSTEMPATH\CodeIgniter.php(509): CodeIgniter\CodeIgniter->runController(Object(App\Controllers\FrontController))
 9 SYSTEMPATH\CodeIgniter.php(355): CodeIgniter\CodeIgniter->handleRequest(null, Object(Config\Cache), false)
10 SYSTEMPATH\Boot.php(334): CodeIgniter\CodeIgniter->run()
11 SYSTEMPATH\Boot.php(67): CodeIgniter\Boot::runCodeIgniter(Object(CodeIgniter\CodeIgniter))
12 FCPATH\index.php(56): CodeIgniter\Boot::bootWeb(Object(Config\Paths))
CRITICAL - 2025-02-04 20:00:11 --> ErrorException: include_once(front/header.php): Failed to open stream: No such file or directory
[Method: GET, Route: /]
in APPPATH\Views\front\index.php on line 1.
 1 APPPATH\Views\front\index.php(1): CodeIgniter\Debug\Exceptions->errorHandler(2, 'include_once(front/header.php): Failed to open stream: No such file or directory', 'D:\\xampp\\htdocs\\ritadesigns\\app\\Views\\front\\index.php', 1)
 2 APPPATH\Views\front\index.php(1): include_once()
 3 SYSTEMPATH\View\View.php(234): include('D:\\xampp\\htdocs\\ritadesigns\\app\\Views\\front\\index.php')
 4 SYSTEMPATH\View\View.php(237): CodeIgniter\View\View->CodeIgniter\View\{closure}()
 5 SYSTEMPATH\Common.php(1171): CodeIgniter\View\View->render('front/index', [], true)
 6 APPPATH\Controllers\FrontController.php(9): view('front/index')
 7 SYSTEMPATH\CodeIgniter.php(933): App\Controllers\FrontController->index()
 8 SYSTEMPATH\CodeIgniter.php(509): CodeIgniter\CodeIgniter->runController(Object(App\Controllers\FrontController))
 9 SYSTEMPATH\CodeIgniter.php(355): CodeIgniter\CodeIgniter->handleRequest(null, Object(Config\Cache), false)
10 SYSTEMPATH\Boot.php(334): CodeIgniter\CodeIgniter->run()
11 SYSTEMPATH\Boot.php(67): CodeIgniter\Boot::runCodeIgniter(Object(CodeIgniter\CodeIgniter))
12 FCPATH\index.php(56): CodeIgniter\Boot::bootWeb(Object(Config\Paths))
CRITICAL - 2025-02-04 20:01:26 --> ErrorException: include_once(front/header.php): Failed to open stream: No such file or directory
[Method: GET, Route: /]
in APPPATH\Views\front\index.php on line 1.
 1 APPPATH\Views\front\index.php(1): CodeIgniter\Debug\Exceptions->errorHandler(2, 'include_once(front/header.php): Failed to open stream: No such file or directory', 'D:\\xampp\\htdocs\\ritadesigns\\app\\Views\\front\\index.php', 1)
 2 APPPATH\Views\front\index.php(1): include_once()
 3 SYSTEMPATH\View\View.php(234): include('D:\\xampp\\htdocs\\ritadesigns\\app\\Views\\front\\index.php')
 4 SYSTEMPATH\View\View.php(237): CodeIgniter\View\View->CodeIgniter\View\{closure}()
 5 SYSTEMPATH\Common.php(1171): CodeIgniter\View\View->render('front/index', [], true)
 6 APPPATH\Controllers\FrontController.php(9): view('front/index')
 7 SYSTEMPATH\CodeIgniter.php(933): App\Controllers\FrontController->index()
 8 SYSTEMPATH\CodeIgniter.php(509): CodeIgniter\CodeIgniter->runController(Object(App\Controllers\FrontController))
 9 SYSTEMPATH\CodeIgniter.php(355): CodeIgniter\CodeIgniter->handleRequest(null, Object(Config\Cache), false)
10 SYSTEMPATH\Boot.php(334): CodeIgniter\CodeIgniter->run()
11 SYSTEMPATH\Boot.php(67): CodeIgniter\Boot::runCodeIgniter(Object(CodeIgniter\CodeIgniter))
12 FCPATH\index.php(56): CodeIgniter\Boot::bootWeb(Object(Config\Paths))
CRITICAL - 2025-02-04 20:01:52 --> ErrorException: include_once(front/header.php): Failed to open stream: No such file or directory
[Method: GET, Route: /]
in APPPATH\Views\front\index.php on line 1.
 1 APPPATH\Views\front\index.php(1): CodeIgniter\Debug\Exceptions->errorHandler(2, 'include_once(front/header.php): Failed to open stream: No such file or directory', 'D:\\xampp\\htdocs\\ritadesigns\\app\\Views\\front\\index.php', 1)
 2 APPPATH\Views\front\index.php(1): include_once()
 3 SYSTEMPATH\View\View.php(234): include('D:\\xampp\\htdocs\\ritadesigns\\app\\Views\\front\\index.php')
 4 SYSTEMPATH\View\View.php(237): CodeIgniter\View\View->CodeIgniter\View\{closure}()
 5 SYSTEMPATH\Common.php(1171): CodeIgniter\View\View->render('front/index', [], true)
 6 APPPATH\Controllers\FrontController.php(9): view('front/index')
 7 SYSTEMPATH\CodeIgniter.php(933): App\Controllers\FrontController->index()
 8 SYSTEMPATH\CodeIgniter.php(509): CodeIgniter\CodeIgniter->runController(Object(App\Controllers\FrontController))
 9 SYSTEMPATH\CodeIgniter.php(355): CodeIgniter\CodeIgniter->handleRequest(null, Object(Config\Cache), false)
10 SYSTEMPATH\Boot.php(334): CodeIgniter\CodeIgniter->run()
11 SYSTEMPATH\Boot.php(67): CodeIgniter\Boot::runCodeIgniter(Object(CodeIgniter\CodeIgniter))
12 FCPATH\index.php(56): CodeIgniter\Boot::bootWeb(Object(Config\Paths))
CRITICAL - 2025-02-04 20:01:54 --> ErrorException: include_once(front/header.php): Failed to open stream: No such file or directory
[Method: GET, Route: /]
in APPPATH\Views\front\index.php on line 1.
 1 APPPATH\Views\front\index.php(1): CodeIgniter\Debug\Exceptions->errorHandler(2, 'include_once(front/header.php): Failed to open stream: No such file or directory', 'D:\\xampp\\htdocs\\ritadesigns\\app\\Views\\front\\index.php', 1)
 2 APPPATH\Views\front\index.php(1): include_once()
 3 SYSTEMPATH\View\View.php(234): include('D:\\xampp\\htdocs\\ritadesigns\\app\\Views\\front\\index.php')
 4 SYSTEMPATH\View\View.php(237): CodeIgniter\View\View->CodeIgniter\View\{closure}()
 5 SYSTEMPATH\Common.php(1171): CodeIgniter\View\View->render('front/index', [], true)
 6 APPPATH\Controllers\FrontController.php(9): view('front/index')
 7 SYSTEMPATH\CodeIgniter.php(933): App\Controllers\FrontController->index()
 8 SYSTEMPATH\CodeIgniter.php(509): CodeIgniter\CodeIgniter->runController(Object(App\Controllers\FrontController))
 9 SYSTEMPATH\CodeIgniter.php(355): CodeIgniter\CodeIgniter->handleRequest(null, Object(Config\Cache), false)
10 SYSTEMPATH\Boot.php(334): CodeIgniter\CodeIgniter->run()
11 SYSTEMPATH\Boot.php(67): CodeIgniter\Boot::runCodeIgniter(Object(CodeIgniter\CodeIgniter))
12 FCPATH\index.php(56): CodeIgniter\Boot::bootWeb(Object(Config\Paths))
CRITICAL - 2025-02-04 20:03:31 --> ErrorException: include_once(front/header.php): Failed to open stream: No such file or directory
[Method: GET, Route: /]
in APPPATH\Views\front\index.php on line 1.
 1 APPPATH\Views\front\index.php(1): CodeIgniter\Debug\Exceptions->errorHandler(2, 'include_once(front/header.php): Failed to open stream: No such file or directory', 'D:\\xampp\\htdocs\\ritadesigns\\app\\Views\\front\\index.php', 1)
 2 APPPATH\Views\front\index.php(1): include_once()
 3 SYSTEMPATH\View\View.php(234): include('D:\\xampp\\htdocs\\ritadesigns\\app\\Views\\front\\index.php')
 4 SYSTEMPATH\View\View.php(237): CodeIgniter\View\View->CodeIgniter\View\{closure}()
 5 SYSTEMPATH\Common.php(1171): CodeIgniter\View\View->render('front/index', [], true)
 6 APPPATH\Controllers\FrontController.php(9): view('front/index')
 7 SYSTEMPATH\CodeIgniter.php(933): App\Controllers\FrontController->index()
 8 SYSTEMPATH\CodeIgniter.php(509): CodeIgniter\CodeIgniter->runController(Object(App\Controllers\FrontController))
 9 SYSTEMPATH\CodeIgniter.php(355): CodeIgniter\CodeIgniter->handleRequest(null, Object(Config\Cache), false)
10 SYSTEMPATH\Boot.php(334): CodeIgniter\CodeIgniter->run()
11 SYSTEMPATH\Boot.php(67): CodeIgniter\Boot::runCodeIgniter(Object(CodeIgniter\CodeIgniter))
12 FCPATH\index.php(56): CodeIgniter\Boot::bootWeb(Object(Config\Paths))
